<?xml version="1.0" encoding="UTF-8"?>
<!-- Generated by org.testng.reporters.JUnitReportReporter -->
<testsuite hostname="LAPTOP-CTAFD7I5" failures="0" tests="1" name="testClasses.CustomerGroupsTestClass" time="18.400" errors="0" timestamp="2025-07-11T20:11:57 IST" skipped="0">
  <testcase classname="testClasses.CustomerGroupsTestClass" name="verifyAddCustomerGroupFunctionality" time="18.400"/>
</testsuite> <!-- testClasses.CustomerGroupsTestClass -->
