<?xml version="1.0" encoding="UTF-8"?>
<!-- Generated by org.testng.reporters.JUnitReportReporter -->
<testsuite hostname="LAPTOP-CTAFD7I5" failures="0" tests="1" name="testClasses.AddUserTestClass" time="19.437" errors="0" timestamp="2025-07-10T16:44:28 IST" skipped="0">
  <testcase classname="testClasses.AddUserTestClass" name="verifyAddUserFunctionality" time="19.437"/>
</testsuite> <!-- testClasses.AddUserTestClass -->
