<?xml version="1.0" encoding="UTF-8"?>
<!-- Generated by org.testng.reporters.JUnitReportReporter -->
<testsuite hostname="LAPTOP-CTAFD7I5" failures="0" tests="1" name="testClasses.UserTestClass" time="13.659" errors="0" timestamp="2025-07-10T16:48:11 IST" skipped="0">
  <testcase classname="testClasses.UserTestClass" name="verifyUserSearchFunctionality" time="13.659"/>
</testsuite> <!-- testClasses.UserTestClass -->
