<?xml version="1.0" encoding="UTF-8"?>
<!-- Generated by org.testng.reporters.JUnitReportReporter -->
<testsuite hostname="LAPTOP-CTAFD7I5" failures="0" tests="1" name="testClasses.MyProfileTestClass" time="4.431" errors="0" timestamp="2025-07-11T14:13:11 IST" skipped="0">
  <testcase classname="testClasses.MyProfileTestClass" name="f" time="4.431"/>
</testsuite> <!-- testClasses.MyProfileTestClass -->
