<?xml version="1.0" encoding="UTF-8"?>
<!-- Generated by org.testng.reporters.JUnitReportReporter -->
<testsuite hostname="LAPTOP-CTAFD7I5" failures="0" tests="5" name="testClasses.DashboardTestClass" time="43.797" errors="0" timestamp="2025-07-15T23:39:31 IST" skipped="0">
  <testcase classname="testClasses.DashboardTestClass" name="verifyLogoIsDisplayed" time="8.471"/>
  <testcase classname="testClasses.DashboardTestClass" name="verifyTooltipTextOfHelpBtn" time="8.762"/>
  <testcase classname="testClasses.DashboardTestClass" name="verifyTotalPurchaseInfoIsDisplayed" time="8.543"/>
  <testcase classname="testClasses.DashboardTestClass" name="verifyNavigationToMyProfileFromDashboard" time="9.882"/>
  <testcase classname="testClasses.DashboardTestClass" name="verifyTodaysProfitButtonIsWorking" time="8.139"/>
</testsuite> <!-- testClasses.DashboardTestClass -->
