<?xml version="1.0" encoding="UTF-8"?>
<!-- Generated by org.testng.reporters.JUnitReportReporter -->
<testsuite hostname="LAPTOP-CTAFD7I5" failures="0" tests="4" name="testClasses.LoginTestClass" time="25.673" errors="0" timestamp="2025-07-15T20:12:11 IST" skipped="0">
  <testcase classname="testClasses.LoginTestClass" name="verifySuccessfullLogin" time="10.205"/>
  <testcase classname="testClasses.LoginTestClass" name="verifyUnSuccessfullLogin" time="5.435"/>
  <testcase classname="testClasses.LoginTestClass" name="verifyUnSuccessfullLogin" time="4.975"/>
  <testcase classname="testClasses.LoginTestClass" name="verifyUnSuccessfullLogin" time="5.058"/>
</testsuite> <!-- testClasses.LoginTestClass -->
