<?xml version="1.0" encoding="UTF-8"?>
<!-- Generated by org.testng.reporters.JUnitReportReporter -->
<testsuite hostname="LAPTOP-CTAFD7I5" failures="0" tests="3" name="testClasses.UserTestClass" time="45.895" errors="0" timestamp="2025-07-15T23:42:19 IST" skipped="0">
  <testcase classname="testClasses.UserTestClass" name="verifyUserSearchFunctionality" time="13.377"/>
  <testcase classname="testClasses.UserTestClass" name="verifyDeleteUserFunctionality" time="21.563"/>
  <testcase classname="testClasses.UserTestClass" name="verifyColumnVisibilityFunctionality" time="10.955"/>
</testsuite> <!-- testClasses.UserTestClass -->
