<?xml version="1.0" encoding="UTF-8"?>
<!-- Generated by org.testng.reporters.JUnitReportReporter -->
<testsuite hostname="LAPTOP-CTAFD7I5" failures="0" tests="1" name="testClasses.LoginTestClass" time="13.792" errors="0" timestamp="2025-07-08T21:47:00 IST" skipped="0">
  <testcase classname="testClasses.LoginTestClass" name="verifySuccessfullLogin" time="13.792"/>
</testsuite> <!-- testClasses.LoginTestClass -->
