<?xml version="1.0" encoding="UTF-8"?>
<!-- Generated by org.testng.reporters.JUnitReportReporter -->
<testsuite hostname="LAPTOP-CTAFD7I5" failures="0" tests="4" name="testClasses.LoginTestClass" time="27.018" errors="0" timestamp="2025-07-11T20:08:16 IST" skipped="0">
  <testcase classname="testClasses.LoginTestClass" name="verifySuccessfullLogin" time="9.051"/>
  <testcase classname="testClasses.LoginTestClass" name="verifyUnSuccessfullLogin" time="5.346"/>
  <testcase classname="testClasses.LoginTestClass" name="verifyUnSuccessfullLogin" time="7.320"/>
  <testcase classname="testClasses.LoginTestClass" name="verifyUnSuccessfullLogin" time="5.301"/>
</testsuite> <!-- testClasses.LoginTestClass -->
