<?xml version="1.0" encoding="UTF-8"?>
<!-- Generated by org.testng.reporters.JUnitReportReporter -->
<testsuite hostname="LAPTOP-CTAFD7I5" failures="0" tests="5" name="testClasses.DashboardTestClass" time="43.578" errors="0" timestamp="2025-07-11T20:09:33 IST" skipped="0">
  <testcase classname="testClasses.DashboardTestClass" name="verifyTooltipTextOfHelpBtn" time="8.826"/>
  <testcase classname="testClasses.DashboardTestClass" name="verifyLogoIsDisplayed" time="8.089"/>
  <testcase classname="testClasses.DashboardTestClass" name="verifyNavigationToMyProfileFromDashboard" time="10.030"/>
  <testcase classname="testClasses.DashboardTestClass" name="verifyTodaysProfitButtonIsWorking" time="8.806"/>
  <testcase classname="testClasses.DashboardTestClass" name="verifyTotalPurchaseInfoIsDisplayed" time="7.827"/>
</testsuite> <!-- testClasses.DashboardTestClass -->
