<?xml version="1.0" encoding="UTF-8"?>
<!-- Generated by org.testng.reporters.JUnitReportReporter -->
<testsuite hostname="LAPTOP-CTAFD7I5" failures="0" tests="3" name="testClasses.UserTestClass" time="48.915" errors="0" timestamp="2025-07-11T20:10:56 IST" skipped="0">
  <testcase classname="testClasses.UserTestClass" name="verifyUserSearchFunctionality" time="13.079"/>
  <testcase classname="testClasses.UserTestClass" name="verifyDeleteUserFunctionality" time="23.108"/>
  <testcase classname="testClasses.UserTestClass" name="verifyColumnVisibilityFunctionality" time="12.728"/>
</testsuite> <!-- testClasses.UserTestClass -->
