<?xml version="1.0" encoding="UTF-8"?>
<!-- Generated by org.testng.reporters.JUnitReportReporter -->
<testsuite hostname="LAPTOP-CTAFD7I5" failures="0" tests="1" name="testClasses.DashboardTestClass" time="18.054" errors="0" timestamp="2025-07-08T01:23:45 IST" skipped="0">
  <testcase classname="testClasses.DashboardTestClass" name="verifyNavigationToMyProfileFromDashboard" time="18.054"/>
</testsuite> <!-- testClasses.DashboardTestClass -->
